2024-07-06 14:32:38,113 - INFO - [Initiate] Get the last index from pickle file.
2024-07-06 14:32:38,113 - INFO - [Success] Index retrieved successfully with value 1954.
2024-07-06 14:32:38,113 - INFO - [Initiate] Get last 24 hour data from Green Your Air Backend Call.
2024-07-06 14:32:38,844 - INFO - [Success] Get last 24 hour data from Green Your Air Backend Call.
2024-07-06 14:32:38,844 - INFO - [Initiate] Connect to hopsworks feature store.
2024-07-06 14:32:39,822 - INFO - [Success] Connect to hopsworks feature store.
2024-07-06 14:32:39,822 - INFO - [Initiate] Get hopsworks feature group - name: volos_breath_history_daily , version = 1
2024-07-06 14:32:40,034 - INFO - [Success] Get hopsworks feature group - name: volos_breath_history_daily , version = 1
2024-07-06 14:32:40,034 - INFO - [Initiate] Inserting data to feature group.
2024-07-06 14:32:40,038 - ERROR - [Failed] Could not insert data to feature group: Features are not compatible with Feature Group schema: 
 - eaqi_index (expected type: 'double', derived from input: 'bigint') has the wrong type.
Note that feature (or column) names are case insensitive and spaces are automatically replaced with underscores.
2024-07-06 14:32:40,038 - INFO - [Initiate] Change the index in pickle file to value: 1955.
2024-07-06 14:32:40,038 - INFO - [Success] Index changed successfully to value: 1955.
2024-07-06 14:59:54,638 - INFO - [Initiate] Get the last index from pickle file.
2024-07-06 14:59:54,638 - INFO - [Success] Index retrieved successfully with value 1954.
2024-07-06 14:59:54,638 - INFO - [Initiate] Get last 24 hour data from Green Your Air Backend Call.
2024-07-06 14:59:55,184 - INFO - [Success] Get last 24 hour data from Green Your Air Backend Call.
2024-07-06 14:59:55,184 - INFO - [Initiate] Connect to hopsworks feature store.
2024-07-06 14:59:55,686 - INFO - [Success] Connect to hopsworks feature store.
2024-07-06 14:59:55,687 - INFO - [Initiate] Get hopsworks feature group - name: volos_breath_history_daily , version = 1
2024-07-06 14:59:55,885 - INFO - [Success] Get hopsworks feature group - name: volos_breath_history_daily , version = 1
2024-07-06 14:59:55,886 - INFO - [Initiate] Inserting data to feature group.
2024-07-06 14:59:59,892 - INFO - [Success] Inserting data to feature group.
2024-07-06 14:59:59,892 - INFO - [Initiate] Change the index in pickle file to value: 1955.
2024-07-06 14:59:59,892 - INFO - [Success] Index changed successfully to value: 1955.
2024-07-06 21:08:00,443 - INFO - [Initiate] Get the last index from pickle file.
2024-07-06 21:08:00,444 - INFO - [Success] Index retrieved successfully with value 1954.
2024-07-06 21:08:00,444 - INFO - [Initiate] Get last 24 hour data from Green Your Air Backend Call.
2024-07-06 21:08:01,123 - INFO - [Success] Get last 24 hour data from Green Your Air Backend Call.
2024-07-06 21:08:01,123 - INFO - [Initiate] Connect to hopsworks feature store.
2024-07-06 21:08:02,086 - INFO - [Success] Connect to hopsworks feature store.
2024-07-06 21:08:02,088 - INFO - [Initiate] Get hopsworks feature group - name: volos_breath_history_daily , version = 1
2024-07-06 21:08:02,288 - INFO - [Success] Get hopsworks feature group - name: volos_breath_history_daily , version = 1
2024-07-06 21:08:02,288 - INFO - [Initiate] Inserting data to feature group.
2024-07-06 21:08:08,625 - INFO - [Success] Inserting data to feature group.
2024-07-06 21:08:08,626 - INFO - [Initiate] Change the index in pickle file to value: 1955.
2024-07-06 21:08:08,626 - INFO - [Success] Index changed successfully to value: 1955.
2024-07-07 21:08:33,372 - INFO - [Initiate] Get the last index from pickle file.
2024-07-07 21:08:33,372 - INFO - [Success] Index retrieved successfully with value 1955.
2024-07-07 21:08:33,372 - INFO - [Initiate] Get last 24 hour data from Green Your Air Backend Call.
2024-07-07 21:08:33,947 - INFO - [Success] Get last 24 hour data from Green Your Air Backend Call.
2024-07-07 21:08:33,947 - INFO - [Initiate] Connect to hopsworks feature store.
2024-07-07 21:08:34,547 - INFO - [Success] Connect to hopsworks feature store.
2024-07-07 21:08:34,547 - INFO - [Initiate] Get hopsworks feature group - name: volos_breath_history_daily , version = 1
2024-07-07 21:08:34,736 - INFO - [Success] Get hopsworks feature group - name: volos_breath_history_daily , version = 1
2024-07-07 21:08:34,736 - INFO - [Initiate] Inserting data to feature group.
2024-07-07 21:08:38,994 - INFO - [Success] Inserting data to feature group.
2024-07-07 21:08:38,994 - INFO - [Initiate] Change the index in pickle file to value: 1956.
2024-07-07 21:08:38,995 - INFO - [Success] Index changed successfully to value: 1956.
2024-07-08 21:08:46,359 - INFO - [Initiate] Get the last index from pickle file.
2024-07-08 21:08:46,359 - INFO - [Success] Index retrieved successfully with value 1956.
2024-07-08 21:08:46,359 - INFO - [Initiate] Get last 24 hour data from Green Your Air Backend Call.
2024-07-08 21:08:48,641 - INFO - [Success] Get last 24 hour data from Green Your Air Backend Call.
2024-07-08 21:08:48,641 - INFO - [Initiate] Connect to hopsworks feature store.
2024-07-08 21:08:49,198 - INFO - [Success] Connect to hopsworks feature store.
2024-07-08 21:08:49,198 - INFO - [Initiate] Get hopsworks feature group - name: volos_breath_history_daily , version = 1
2024-07-08 21:08:49,358 - INFO - [Success] Get hopsworks feature group - name: volos_breath_history_daily , version = 1
2024-07-08 21:08:49,359 - INFO - [Initiate] Inserting data to feature group.
2024-07-08 21:08:54,453 - INFO - [Success] Inserting data to feature group.
2024-07-08 21:08:54,456 - INFO - [Initiate] Change the index in pickle file to value: 1957.
2024-07-08 21:08:54,456 - INFO - [Success] Index changed successfully to value: 1957.
2024-07-09 21:07:40,944 - INFO - [Initiate] Get the last index from pickle file.
2024-07-09 21:07:40,944 - INFO - [Success] Index retrieved successfully with value 1957.
2024-07-09 21:07:40,944 - INFO - [Initiate] Get last 24 hour data from Green Your Air Backend Call.
2024-07-09 21:07:41,485 - INFO - [Success] Get last 24 hour data from Green Your Air Backend Call.
2024-07-09 21:07:41,486 - INFO - [Initiate] Connect to hopsworks feature store.
2024-07-09 21:07:41,943 - INFO - [Success] Connect to hopsworks feature store.
2024-07-09 21:07:41,943 - INFO - [Initiate] Get hopsworks feature group - name: volos_breath_history_daily , version = 1
2024-07-09 21:07:42,132 - INFO - [Success] Get hopsworks feature group - name: volos_breath_history_daily , version = 1
2024-07-09 21:07:42,132 - INFO - [Initiate] Inserting data to feature group.
2024-07-09 21:07:46,124 - INFO - [Success] Inserting data to feature group.
2024-07-09 21:07:46,125 - INFO - [Initiate] Change the index in pickle file to value: 1958.
2024-07-09 21:07:46,125 - INFO - [Success] Index changed successfully to value: 1958.
2024-07-10 21:07:38,292 - INFO - [Initiate] Get the last index from pickle file.
2024-07-10 21:07:38,293 - INFO - [Success] Index retrieved successfully with value 1958.
2024-07-10 21:07:38,293 - INFO - [Initiate] Get last 24 hour data from Green Your Air Backend Call.
2024-07-10 21:07:38,739 - INFO - [Success] Get last 24 hour data from Green Your Air Backend Call.
2024-07-10 21:07:38,739 - INFO - [Initiate] Connect to hopsworks feature store.
2024-07-10 21:07:39,306 - INFO - [Success] Connect to hopsworks feature store.
2024-07-10 21:07:39,306 - INFO - [Initiate] Get hopsworks feature group - name: volos_breath_history_daily , version = 1
2024-07-10 21:07:39,543 - INFO - [Success] Get hopsworks feature group - name: volos_breath_history_daily , version = 1
2024-07-10 21:07:39,544 - INFO - [Initiate] Inserting data to feature group.
2024-07-10 21:07:44,595 - INFO - [Success] Inserting data to feature group.
2024-07-10 21:07:44,595 - INFO - [Initiate] Change the index in pickle file to value: 1959.
2024-07-10 21:07:44,596 - INFO - [Success] Index changed successfully to value: 1959.
2024-07-11 21:09:14,346 - INFO - [Initiate] Get the last index from pickle file.
2024-07-11 21:09:14,347 - INFO - [Success] Index retrieved successfully with value 1959.
2024-07-11 21:09:14,347 - INFO - [Initiate] Get last 24 hour data from Green Your Air Backend Call.
2024-07-11 21:09:14,904 - INFO - [Success] Get last 24 hour data from Green Your Air Backend Call.
2024-07-11 21:09:14,904 - INFO - [Initiate] Connect to hopsworks feature store.
2024-07-11 21:09:15,313 - INFO - [Success] Connect to hopsworks feature store.
2024-07-11 21:09:15,313 - INFO - [Initiate] Get hopsworks feature group - name: volos_breath_history_daily , version = 1
2024-07-11 21:09:15,472 - INFO - [Success] Get hopsworks feature group - name: volos_breath_history_daily , version = 1
2024-07-11 21:09:15,472 - INFO - [Initiate] Inserting data to feature group.
2024-07-11 21:09:19,512 - INFO - [Success] Inserting data to feature group.
2024-07-11 21:09:19,513 - INFO - [Initiate] Change the index in pickle file to value: 1960.
2024-07-11 21:09:19,513 - INFO - [Success] Index changed successfully to value: 1960.
2024-07-12 21:08:43,707 - INFO - [Initiate] Get the last index from pickle file.
2024-07-12 21:08:43,707 - INFO - [Success] Index retrieved successfully with value 1960.
2024-07-12 21:08:43,707 - INFO - [Initiate] Get last 24 hour data from Green Your Air Backend Call.
2024-07-12 21:08:44,278 - INFO - [Success] Get last 24 hour data from Green Your Air Backend Call.
2024-07-12 21:08:44,279 - INFO - [Initiate] Connect to hopsworks feature store.
2024-07-12 21:08:44,845 - INFO - [Success] Connect to hopsworks feature store.
2024-07-12 21:08:44,845 - INFO - [Initiate] Get hopsworks feature group - name: volos_breath_history_daily , version = 1
2024-07-12 21:08:45,008 - INFO - [Success] Get hopsworks feature group - name: volos_breath_history_daily , version = 1
2024-07-12 21:08:45,008 - INFO - [Initiate] Inserting data to feature group.
2024-07-12 21:08:49,991 - INFO - [Success] Inserting data to feature group.
2024-07-12 21:08:49,991 - INFO - [Initiate] Change the index in pickle file to value: 1961.
2024-07-12 21:08:49,991 - INFO - [Success] Index changed successfully to value: 1961.
2024-07-13 21:08:18,613 - INFO - [Initiate] Get the last index from pickle file.
2024-07-13 21:08:18,613 - INFO - [Success] Index retrieved successfully with value 1961.
2024-07-13 21:08:18,613 - INFO - [Initiate] Get last 24 hour data from Green Your Air Backend Call.
2024-07-13 21:08:19,386 - INFO - [Success] Get last 24 hour data from Green Your Air Backend Call.
2024-07-13 21:08:19,386 - INFO - [Initiate] Connect to hopsworks feature store.
2024-07-13 21:08:20,390 - INFO - [Success] Connect to hopsworks feature store.
2024-07-13 21:08:20,390 - INFO - [Initiate] Get hopsworks feature group - name: volos_breath_history_daily , version = 1
2024-07-13 21:08:20,602 - INFO - [Success] Get hopsworks feature group - name: volos_breath_history_daily , version = 1
2024-07-13 21:08:20,602 - INFO - [Initiate] Inserting data to feature group.
2024-07-13 21:08:26,952 - INFO - [Success] Inserting data to feature group.
2024-07-13 21:08:26,952 - INFO - [Initiate] Change the index in pickle file to value: 1962.
2024-07-13 21:08:26,952 - INFO - [Success] Index changed successfully to value: 1962.
2024-07-14 21:07:22,119 - INFO - [Initiate] Get the last index from pickle file.
2024-07-14 21:07:22,119 - INFO - [Success] Index retrieved successfully with value 1962.
2024-07-14 21:07:22,119 - INFO - [Initiate] Get last 24 hour data from Green Your Air Backend Call.
2024-07-14 21:07:23,052 - INFO - [Success] Get last 24 hour data from Green Your Air Backend Call.
2024-07-14 21:07:23,052 - INFO - [Initiate] Connect to hopsworks feature store.
2024-07-14 21:07:24,081 - INFO - [Success] Connect to hopsworks feature store.
2024-07-14 21:07:24,081 - INFO - [Initiate] Get hopsworks feature group - name: volos_breath_history_daily , version = 1
2024-07-14 21:07:24,315 - INFO - [Success] Get hopsworks feature group - name: volos_breath_history_daily , version = 1
2024-07-14 21:07:24,315 - INFO - [Initiate] Inserting data to feature group.
2024-07-14 21:07:30,654 - INFO - [Success] Inserting data to feature group.
2024-07-14 21:07:30,655 - INFO - [Initiate] Change the index in pickle file to value: 1963.
2024-07-14 21:07:30,655 - INFO - [Success] Index changed successfully to value: 1963.
2024-07-15 21:08:50,880 - INFO - [Initiate] Get the last index from pickle file.
2024-07-15 21:08:50,881 - INFO - [Success] Index retrieved successfully with value 1963.
2024-07-15 21:08:50,881 - INFO - [Initiate] Get last 24 hour data from Green Your Air Backend Call.
2024-07-15 21:08:51,298 - INFO - [Success] Get last 24 hour data from Green Your Air Backend Call.
2024-07-15 21:08:51,298 - INFO - [Initiate] Connect to hopsworks feature store.
2024-07-15 21:08:51,835 - INFO - [Success] Connect to hopsworks feature store.
2024-07-15 21:08:51,835 - INFO - [Initiate] Get hopsworks feature group - name: volos_breath_history_daily , version = 1
2024-07-15 21:08:52,012 - INFO - [Success] Get hopsworks feature group - name: volos_breath_history_daily , version = 1
2024-07-15 21:08:52,012 - INFO - [Initiate] Inserting data to feature group.
2024-07-15 21:08:56,186 - INFO - [Success] Inserting data to feature group.
2024-07-15 21:08:56,187 - INFO - [Initiate] Change the index in pickle file to value: 1964.
2024-07-15 21:08:56,187 - INFO - [Success] Index changed successfully to value: 1964.
2024-07-16 21:09:02,171 - INFO - [Initiate] Get the last index from pickle file.
2024-07-16 21:09:02,171 - INFO - [Success] Index retrieved successfully with value 1964.
2024-07-16 21:09:02,171 - INFO - [Initiate] Get last 24 hour data from Green Your Air Backend Call.
2024-07-16 21:09:04,330 - INFO - [Success] Get last 24 hour data from Green Your Air Backend Call.
2024-07-16 21:09:04,331 - INFO - [Initiate] Connect to hopsworks feature store.
2024-07-16 21:09:04,907 - INFO - [Success] Connect to hopsworks feature store.
2024-07-16 21:09:04,908 - INFO - [Initiate] Get hopsworks feature group - name: volos_breath_history_daily , version = 1
2024-07-16 21:09:05,086 - INFO - [Success] Get hopsworks feature group - name: volos_breath_history_daily , version = 1
2024-07-16 21:09:05,086 - INFO - [Initiate] Inserting data to feature group.
2024-07-16 21:09:10,243 - INFO - [Success] Inserting data to feature group.
2024-07-16 21:09:10,243 - INFO - [Initiate] Change the index in pickle file to value: 1965.
2024-07-16 21:09:10,243 - INFO - [Success] Index changed successfully to value: 1965.
2024-07-17 21:08:02,933 - INFO - [Initiate] Get the last index from pickle file.
2024-07-17 21:08:02,934 - INFO - [Success] Index retrieved successfully with value 1965.
2024-07-17 21:08:02,934 - INFO - [Initiate] Get last 24 hour data from Green Your Air Backend Call.
2024-07-17 21:08:03,506 - INFO - [Success] Get last 24 hour data from Green Your Air Backend Call.
2024-07-17 21:08:03,506 - INFO - [Initiate] Connect to hopsworks feature store.
2024-07-17 21:08:03,953 - INFO - [Success] Connect to hopsworks feature store.
2024-07-17 21:08:03,954 - INFO - [Initiate] Get hopsworks feature group - name: volos_breath_history_daily , version = 1
2024-07-17 21:08:04,125 - INFO - [Success] Get hopsworks feature group - name: volos_breath_history_daily , version = 1
2024-07-17 21:08:04,125 - INFO - [Initiate] Inserting data to feature group.
2024-07-17 21:08:08,140 - INFO - [Success] Inserting data to feature group.
2024-07-17 21:08:08,140 - INFO - [Initiate] Change the index in pickle file to value: 1966.
2024-07-17 21:08:08,140 - INFO - [Success] Index changed successfully to value: 1966.
2024-07-18 21:07:50,582 - INFO - [Initiate] Get the last index from pickle file.
2024-07-18 21:07:50,582 - INFO - [Success] Index retrieved successfully with value 1966.
2024-07-18 21:07:50,582 - INFO - [Initiate] Get last 24 hour data from Green Your Air Backend Call.
2024-07-18 21:07:51,209 - INFO - [Success] Get last 24 hour data from Green Your Air Backend Call.
2024-07-18 21:07:51,209 - INFO - [Initiate] Connect to hopsworks feature store.
2024-07-18 21:07:52,171 - INFO - [Success] Connect to hopsworks feature store.
2024-07-18 21:07:52,172 - INFO - [Initiate] Get hopsworks feature group - name: volos_breath_history_daily , version = 1
2024-07-18 21:07:52,376 - INFO - [Success] Get hopsworks feature group - name: volos_breath_history_daily , version = 1
2024-07-18 21:07:52,377 - INFO - [Initiate] Inserting data to feature group.
2024-07-18 21:07:57,709 - INFO - [Success] Inserting data to feature group.
2024-07-18 21:07:57,709 - INFO - [Initiate] Change the index in pickle file to value: 1967.
2024-07-18 21:07:57,711 - INFO - [Success] Index changed successfully to value: 1967.
2024-07-19 21:07:37,616 - INFO - [Initiate] Get the last index from pickle file.
2024-07-19 21:07:37,617 - INFO - [Success] Index retrieved successfully with value 1967.
2024-07-19 21:07:37,617 - INFO - [Initiate] Get last 24 hour data from Green Your Air Backend Call.
2024-07-19 21:07:38,191 - INFO - [Success] Get last 24 hour data from Green Your Air Backend Call.
2024-07-19 21:07:38,191 - INFO - [Initiate] Connect to hopsworks feature store.
2024-07-19 21:07:38,739 - INFO - [Success] Connect to hopsworks feature store.
2024-07-19 21:07:38,739 - INFO - [Initiate] Get hopsworks feature group - name: volos_breath_history_daily , version = 1
2024-07-19 21:07:38,905 - INFO - [Success] Get hopsworks feature group - name: volos_breath_history_daily , version = 1
2024-07-19 21:07:38,905 - INFO - [Initiate] Inserting data to feature group.
2024-07-19 21:07:42,948 - INFO - [Success] Inserting data to feature group.
2024-07-19 21:07:42,949 - INFO - [Initiate] Change the index in pickle file to value: 1968.
2024-07-19 21:07:42,949 - INFO - [Success] Index changed successfully to value: 1968.
2024-07-20 21:08:02,541 - INFO - [Initiate] Get the last index from pickle file.
2024-07-20 21:08:02,541 - INFO - [Success] Index retrieved successfully with value 1968.
2024-07-20 21:08:02,541 - INFO - [Initiate] Get last 24 hour data from Green Your Air Backend Call.
2024-07-20 21:08:02,946 - INFO - [Success] Get last 24 hour data from Green Your Air Backend Call.
2024-07-20 21:08:02,946 - INFO - [Initiate] Connect to hopsworks feature store.
2024-07-20 21:08:03,905 - INFO - [Success] Connect to hopsworks feature store.
2024-07-20 21:08:03,905 - INFO - [Initiate] Get hopsworks feature group - name: volos_breath_history_daily , version = 1
2024-07-20 21:08:04,110 - INFO - [Success] Get hopsworks feature group - name: volos_breath_history_daily , version = 1
2024-07-20 21:08:04,110 - INFO - [Initiate] Inserting data to feature group.
2024-07-20 21:08:09,665 - INFO - [Success] Inserting data to feature group.
2024-07-20 21:08:09,665 - INFO - [Initiate] Change the index in pickle file to value: 1969.
2024-07-20 21:08:09,665 - INFO - [Success] Index changed successfully to value: 1969.
2024-07-22 21:08:08,876 - INFO - [Initiate] Get the last index from pickle file.
2024-07-22 21:08:08,876 - INFO - [Success] Index retrieved successfully with value 1969.
2024-07-22 21:08:08,876 - INFO - [Initiate] Get last 24 hour data from Green Your Air Backend Call.
2024-07-22 21:08:09,471 - INFO - [Success] Get last 24 hour data from Green Your Air Backend Call.
2024-07-22 21:08:09,471 - INFO - [Initiate] Connect to hopsworks feature store.
2024-07-22 21:08:10,444 - INFO - [Success] Connect to hopsworks feature store.
2024-07-22 21:08:10,444 - INFO - [Initiate] Get hopsworks feature group - name: volos_breath_history_daily , version = 1
2024-07-22 21:08:10,663 - INFO - [Success] Get hopsworks feature group - name: volos_breath_history_daily , version = 1
2024-07-22 21:08:10,663 - INFO - [Initiate] Inserting data to feature group.
2024-07-22 21:08:16,300 - INFO - [Success] Inserting data to feature group.
2024-07-22 21:08:16,301 - INFO - [Initiate] Change the index in pickle file to value: 1970.
2024-07-22 21:08:16,301 - INFO - [Success] Index changed successfully to value: 1970.
2024-07-23 21:08:59,344 - INFO - [Initiate] Get the last index from pickle file.
2024-07-23 21:08:59,344 - INFO - [Success] Index retrieved successfully with value 1970.
2024-07-23 21:08:59,344 - INFO - [Initiate] Get last 24 hour data from Green Your Air Backend Call.
2024-07-23 21:08:59,876 - INFO - [Success] Get last 24 hour data from Green Your Air Backend Call.
2024-07-23 21:08:59,876 - INFO - [Initiate] Connect to hopsworks feature store.
2024-07-23 21:09:00,915 - INFO - [Success] Connect to hopsworks feature store.
2024-07-23 21:09:00,916 - INFO - [Initiate] Get hopsworks feature group - name: volos_breath_history_daily , version = 1
2024-07-23 21:09:01,163 - INFO - [Success] Get hopsworks feature group - name: volos_breath_history_daily , version = 1
2024-07-23 21:09:01,163 - INFO - [Initiate] Inserting data to feature group.
2024-07-23 21:09:06,786 - INFO - [Success] Inserting data to feature group.
2024-07-23 21:09:06,787 - INFO - [Initiate] Change the index in pickle file to value: 1971.
2024-07-23 21:09:06,787 - INFO - [Success] Index changed successfully to value: 1971.
2024-07-24 21:08:52,733 - INFO - [Initiate] Get the last index from pickle file.
2024-07-24 21:08:52,733 - INFO - [Success] Index retrieved successfully with value 1971.
2024-07-24 21:08:52,733 - INFO - [Initiate] Get last 24 hour data from Green Your Air Backend Call.
2024-07-24 21:08:55,008 - INFO - [Success] Get last 24 hour data from Green Your Air Backend Call.
2024-07-24 21:08:55,008 - INFO - [Initiate] Connect to hopsworks feature store.
2024-07-24 21:08:56,115 - INFO - [Success] Connect to hopsworks feature store.
2024-07-24 21:08:56,115 - INFO - [Initiate] Get hopsworks feature group - name: volos_breath_history_daily , version = 1
2024-07-24 21:08:56,335 - INFO - [Success] Get hopsworks feature group - name: volos_breath_history_daily , version = 1
2024-07-24 21:08:56,335 - INFO - [Initiate] Inserting data to feature group.
2024-07-24 21:09:03,055 - INFO - [Success] Inserting data to feature group.
2024-07-24 21:09:03,055 - INFO - [Initiate] Change the index in pickle file to value: 1972.
2024-07-24 21:09:03,055 - INFO - [Success] Index changed successfully to value: 1972.
2024-07-25 21:09:03,225 - INFO - [Initiate] Get the last index from pickle file.
2024-07-25 21:09:03,225 - INFO - [Success] Index retrieved successfully with value 1972.
2024-07-25 21:09:03,225 - INFO - [Initiate] Get last 24 hour data from Green Your Air Backend Call.
2024-07-25 21:09:03,970 - INFO - [Success] Get last 24 hour data from Green Your Air Backend Call.
2024-07-25 21:09:03,970 - INFO - [Initiate] Connect to hopsworks feature store.
2024-07-25 21:09:05,102 - INFO - [Success] Connect to hopsworks feature store.
2024-07-25 21:09:05,102 - INFO - [Initiate] Get hopsworks feature group - name: volos_breath_history_daily , version = 1
2024-07-25 21:09:05,320 - INFO - [Success] Get hopsworks feature group - name: volos_breath_history_daily , version = 1
2024-07-25 21:09:05,320 - INFO - [Initiate] Inserting data to feature group.
2024-07-25 21:09:12,093 - INFO - [Success] Inserting data to feature group.
2024-07-25 21:09:12,093 - INFO - [Initiate] Change the index in pickle file to value: 1973.
2024-07-25 21:09:12,094 - INFO - [Success] Index changed successfully to value: 1973.
2024-07-26 21:08:15,966 - INFO - [Initiate] Get the last index from pickle file.
2024-07-26 21:08:15,967 - INFO - [Success] Index retrieved successfully with value 1973.
2024-07-26 21:08:15,967 - INFO - [Initiate] Get last 24 hour data from Green Your Air Backend Call.
2024-07-26 21:08:16,742 - INFO - [Success] Get last 24 hour data from Green Your Air Backend Call.
2024-07-26 21:08:16,743 - INFO - [Initiate] Connect to hopsworks feature store.
2024-07-26 21:08:17,327 - INFO - [Success] Connect to hopsworks feature store.
2024-07-26 21:08:17,327 - INFO - [Initiate] Get hopsworks feature group - name: volos_breath_history_daily , version = 1
2024-07-26 21:08:17,508 - INFO - [Success] Get hopsworks feature group - name: volos_breath_history_daily , version = 1
2024-07-26 21:08:17,508 - INFO - [Initiate] Inserting data to feature group.
2024-07-26 21:08:22,688 - INFO - [Success] Inserting data to feature group.
2024-07-26 21:08:22,688 - INFO - [Initiate] Change the index in pickle file to value: 1974.
2024-07-26 21:08:22,688 - INFO - [Success] Index changed successfully to value: 1974.
2024-07-27 21:06:38,676 - INFO - [Initiate] Get the last index from pickle file.
2024-07-27 21:06:38,677 - INFO - [Success] Index retrieved successfully with value 1974.
2024-07-27 21:06:38,677 - INFO - [Initiate] Get last 24 hour data from Green Your Air Backend Call.
2024-07-27 21:06:39,232 - INFO - [Success] Get last 24 hour data from Green Your Air Backend Call.
2024-07-27 21:06:39,232 - INFO - [Initiate] Connect to hopsworks feature store.
2024-07-27 21:06:39,759 - INFO - [Success] Connect to hopsworks feature store.
2024-07-27 21:06:39,760 - INFO - [Initiate] Get hopsworks feature group - name: volos_breath_history_daily , version = 1
2024-07-27 21:06:39,939 - INFO - [Success] Get hopsworks feature group - name: volos_breath_history_daily , version = 1
2024-07-27 21:06:39,939 - INFO - [Initiate] Inserting data to feature group.
2024-07-27 21:06:45,045 - INFO - [Success] Inserting data to feature group.
2024-07-27 21:06:45,046 - INFO - [Initiate] Change the index in pickle file to value: 1975.
2024-07-27 21:06:45,046 - INFO - [Success] Index changed successfully to value: 1975.
2024-07-28 21:09:14,654 - INFO - [Initiate] Get the last index from pickle file.
2024-07-28 21:09:14,654 - INFO - [Success] Index retrieved successfully with value 1975.
2024-07-28 21:09:14,654 - INFO - [Initiate] Get last 24 hour data from Green Your Air Backend Call.
2024-07-28 21:09:15,638 - INFO - [Success] Get last 24 hour data from Green Your Air Backend Call.
2024-07-28 21:09:15,638 - INFO - [Initiate] Connect to hopsworks feature store.
2024-07-28 21:09:16,152 - INFO - [Success] Connect to hopsworks feature store.
2024-07-28 21:09:16,152 - INFO - [Initiate] Get hopsworks feature group - name: volos_breath_history_daily , version = 1
2024-07-28 21:09:16,318 - INFO - [Success] Get hopsworks feature group - name: volos_breath_history_daily , version = 1
2024-07-28 21:09:16,318 - INFO - [Initiate] Inserting data to feature group.
2024-07-28 21:09:21,413 - INFO - [Success] Inserting data to feature group.
2024-07-28 21:09:21,414 - INFO - [Initiate] Change the index in pickle file to value: 1976.
2024-07-28 21:09:21,414 - INFO - [Success] Index changed successfully to value: 1976.
2024-07-29 21:09:47,280 - INFO - [Initiate] Get the last index from pickle file.
2024-07-29 21:09:47,281 - INFO - [Success] Index retrieved successfully with value 1976.
2024-07-29 21:09:47,281 - INFO - [Initiate] Get last 24 hour data from Green Your Air Backend Call.
2024-07-29 21:09:48,050 - INFO - [Success] Get last 24 hour data from Green Your Air Backend Call.
2024-07-29 21:09:48,050 - INFO - [Initiate] Connect to hopsworks feature store.
2024-07-29 21:09:48,588 - INFO - [Success] Connect to hopsworks feature store.
2024-07-29 21:09:48,588 - INFO - [Initiate] Get hopsworks feature group - name: volos_breath_history_daily , version = 1
2024-07-29 21:09:48,787 - INFO - [Success] Get hopsworks feature group - name: volos_breath_history_daily , version = 1
2024-07-29 21:09:48,788 - INFO - [Initiate] Inserting data to feature group.
2024-07-29 21:09:53,907 - INFO - [Success] Inserting data to feature group.
2024-07-29 21:09:53,908 - INFO - [Initiate] Change the index in pickle file to value: 1977.
2024-07-29 21:09:53,908 - INFO - [Success] Index changed successfully to value: 1977.
2024-07-30 21:08:43,174 - INFO - [Initiate] Get the last index from pickle file.
2024-07-30 21:08:43,174 - INFO - [Success] Index retrieved successfully with value 1977.
2024-07-30 21:08:43,174 - INFO - [Initiate] Get last 24 hour data from Green Your Air Backend Call.
2024-07-30 21:08:45,654 - INFO - [Success] Get last 24 hour data from Green Your Air Backend Call.
2024-07-30 21:08:45,655 - INFO - [Initiate] Connect to hopsworks feature store.
2024-07-30 21:08:46,214 - INFO - [Success] Connect to hopsworks feature store.
2024-07-30 21:08:46,214 - INFO - [Initiate] Get hopsworks feature group - name: volos_breath_history_daily , version = 1
2024-07-30 21:08:46,383 - INFO - [Success] Get hopsworks feature group - name: volos_breath_history_daily , version = 1
2024-07-30 21:08:46,383 - INFO - [Initiate] Inserting data to feature group.
2024-07-30 21:08:51,404 - INFO - [Success] Inserting data to feature group.
2024-07-30 21:08:51,404 - INFO - [Initiate] Change the index in pickle file to value: 1978.
2024-07-30 21:08:51,404 - INFO - [Success] Index changed successfully to value: 1978.
2024-07-31 21:08:32,786 - INFO - [Initiate] Get the last index from pickle file.
2024-07-31 21:08:32,786 - INFO - [Success] Index retrieved successfully with value 1978.
2024-07-31 21:08:32,786 - INFO - [Initiate] Get last 24 hour data from Green Your Air Backend Call.
2024-07-31 21:08:33,479 - INFO - [Success] Get last 24 hour data from Green Your Air Backend Call.
2024-07-31 21:08:33,479 - INFO - [Initiate] Connect to hopsworks feature store.
2024-07-31 21:08:34,335 - INFO - [Success] Connect to hopsworks feature store.
2024-07-31 21:08:34,336 - INFO - [Initiate] Get hopsworks feature group - name: volos_breath_history_daily , version = 1
2024-07-31 21:08:34,554 - INFO - [Success] Get hopsworks feature group - name: volos_breath_history_daily , version = 1
2024-07-31 21:08:34,554 - INFO - [Initiate] Inserting data to feature group.
2024-07-31 21:08:41,058 - INFO - [Success] Inserting data to feature group.
2024-07-31 21:08:41,058 - INFO - [Initiate] Change the index in pickle file to value: 1979.
2024-07-31 21:08:41,059 - INFO - [Success] Index changed successfully to value: 1979.
2024-08-01 21:08:52,088 - INFO - [Initiate] Get the last index from pickle file.
2024-08-01 21:08:52,088 - INFO - [Success] Index retrieved successfully with value 1979.
2024-08-01 21:08:52,088 - INFO - [Initiate] Get last 24 hour data from Green Your Air Backend Call.
2024-08-01 21:08:52,693 - INFO - [Success] Get last 24 hour data from Green Your Air Backend Call.
2024-08-01 21:08:52,693 - INFO - [Initiate] Connect to hopsworks feature store.
2024-08-01 21:08:53,677 - INFO - [Success] Connect to hopsworks feature store.
2024-08-01 21:08:53,678 - INFO - [Initiate] Get hopsworks feature group - name: volos_breath_history_daily , version = 1
2024-08-01 21:08:53,906 - INFO - [Success] Get hopsworks feature group - name: volos_breath_history_daily , version = 1
2024-08-01 21:08:53,906 - INFO - [Initiate] Inserting data to feature group.
2024-08-01 21:09:00,604 - INFO - [Success] Inserting data to feature group.
2024-08-01 21:09:00,604 - INFO - [Initiate] Change the index in pickle file to value: 1980.
2024-08-01 21:09:00,605 - INFO - [Success] Index changed successfully to value: 1980.
2024-08-02 21:09:24,843 - INFO - [Initiate] Get the last index from pickle file.
2024-08-02 21:09:24,844 - INFO - [Success] Index retrieved successfully with value 1980.
2024-08-02 21:09:24,844 - INFO - [Initiate] Get last 24 hour data from Green Your Air Backend Call.
2024-08-02 21:09:25,464 - INFO - [Success] Get last 24 hour data from Green Your Air Backend Call.
2024-08-02 21:09:25,464 - INFO - [Initiate] Connect to hopsworks feature store.
2024-08-02 21:09:26,639 - INFO - [Success] Connect to hopsworks feature store.
2024-08-02 21:09:26,639 - INFO - [Initiate] Get hopsworks feature group - name: volos_breath_history_daily , version = 1
2024-08-02 21:09:26,854 - INFO - [Success] Get hopsworks feature group - name: volos_breath_history_daily , version = 1
2024-08-02 21:09:26,854 - INFO - [Initiate] Inserting data to feature group.
2024-08-02 21:09:34,324 - INFO - [Success] Inserting data to feature group.
2024-08-02 21:09:34,324 - INFO - [Initiate] Change the index in pickle file to value: 1981.
2024-08-02 21:09:34,324 - INFO - [Success] Index changed successfully to value: 1981.
2024-08-19 21:08:35,645 - INFO - [Initiate] Get the last index from pickle file.
2024-08-19 21:08:35,645 - INFO - [Success] Index retrieved successfully with value 1981.
2024-08-19 21:08:35,645 - INFO - [Initiate] Get last 24 hour data from Green Your Air Backend Call.
2024-08-19 21:08:35,985 - INFO - [Success] Get last 24 hour data from Green Your Air Backend Call.
2024-08-19 21:08:35,985 - INFO - [Initiate] Connect to hopsworks feature store.
2024-08-19 21:08:36,341 - INFO - [Success] Connect to hopsworks feature store.
2024-08-19 21:08:36,342 - INFO - [Initiate] Get hopsworks feature group - name: volos_breath_history_daily , version = 1
2024-08-19 21:08:36,507 - INFO - [Success] Get hopsworks feature group - name: volos_breath_history_daily , version = 1
2024-08-19 21:08:36,507 - INFO - [Initiate] Inserting data to feature group.
2024-08-19 21:08:41,542 - INFO - [Success] Inserting data to feature group.
2024-08-19 21:08:41,542 - INFO - [Initiate] Change the index in pickle file to value: 1982.
2024-08-19 21:08:41,542 - INFO - [Success] Index changed successfully to value: 1982.
2024-08-20 21:08:51,654 - INFO - [Initiate] Get the last index from pickle file.
2024-08-20 21:08:51,654 - INFO - [Success] Index retrieved successfully with value 1982.
2024-08-20 21:08:51,655 - INFO - [Initiate] Get last 24 hour data from Green Your Air Backend Call.
2024-08-20 21:08:52,476 - INFO - [Success] Get last 24 hour data from Green Your Air Backend Call.
2024-08-20 21:08:52,476 - INFO - [Initiate] Connect to hopsworks feature store.
2024-08-20 21:08:53,516 - INFO - [Success] Connect to hopsworks feature store.
2024-08-20 21:08:53,516 - INFO - [Initiate] Get hopsworks feature group - name: volos_breath_history_daily , version = 1
2024-08-20 21:08:53,736 - INFO - [Success] Get hopsworks feature group - name: volos_breath_history_daily , version = 1
2024-08-20 21:08:53,737 - INFO - [Initiate] Inserting data to feature group.
2024-08-20 21:08:58,698 - INFO - [Success] Inserting data to feature group.
2024-08-20 21:08:58,699 - INFO - [Initiate] Change the index in pickle file to value: 1983.
2024-08-20 21:08:58,699 - INFO - [Success] Index changed successfully to value: 1983.
2024-08-21 21:08:41,487 - INFO - [Initiate] Get the last index from pickle file.
2024-08-21 21:08:41,488 - INFO - [Success] Index retrieved successfully with value 1983.
2024-08-21 21:08:41,488 - INFO - [Initiate] Get last 24 hour data from Green Your Air Backend Call.
2024-08-21 21:08:43,760 - INFO - [Success] Get last 24 hour data from Green Your Air Backend Call.
2024-08-21 21:08:43,760 - INFO - [Initiate] Connect to hopsworks feature store.
2024-08-21 21:08:44,297 - INFO - [Success] Connect to hopsworks feature store.
2024-08-21 21:08:44,297 - INFO - [Initiate] Get hopsworks feature group - name: volos_breath_history_daily , version = 1
2024-08-21 21:08:44,454 - INFO - [Success] Get hopsworks feature group - name: volos_breath_history_daily , version = 1
2024-08-21 21:08:44,454 - INFO - [Initiate] Inserting data to feature group.
2024-08-21 21:08:49,584 - INFO - [Success] Inserting data to feature group.
2024-08-21 21:08:49,584 - INFO - [Initiate] Change the index in pickle file to value: 1984.
2024-08-21 21:08:49,585 - INFO - [Success] Index changed successfully to value: 1984.
2024-08-22 21:09:22,848 - INFO - [Initiate] Get the last index from pickle file.
2024-08-22 21:09:22,848 - INFO - [Success] Index retrieved successfully with value 1984.
2024-08-22 21:09:22,848 - INFO - [Initiate] Get last 24 hour data from Green Your Air Backend Call.
2024-08-22 21:09:23,256 - INFO - [Success] Get last 24 hour data from Green Your Air Backend Call.
2024-08-22 21:09:23,256 - INFO - [Initiate] Connect to hopsworks feature store.
2024-08-22 21:09:23,836 - INFO - [Success] Connect to hopsworks feature store.
2024-08-22 21:09:23,836 - INFO - [Initiate] Get hopsworks feature group - name: volos_breath_history_daily , version = 1
2024-08-22 21:09:24,009 - INFO - [Success] Get hopsworks feature group - name: volos_breath_history_daily , version = 1
2024-08-22 21:09:24,009 - INFO - [Initiate] Inserting data to feature group.
2024-08-22 21:09:29,151 - INFO - [Success] Inserting data to feature group.
2024-08-22 21:09:29,152 - INFO - [Initiate] Change the index in pickle file to value: 1985.
2024-08-22 21:09:29,152 - INFO - [Success] Index changed successfully to value: 1985.
2024-08-23 21:08:08,861 - INFO - [Initiate] Get the last index from pickle file.
2024-08-23 21:08:08,861 - INFO - [Success] Index retrieved successfully with value 1985.
2024-08-23 21:08:08,861 - INFO - [Initiate] Get last 24 hour data from Green Your Air Backend Call.
2024-08-23 21:08:09,479 - INFO - [Success] Get last 24 hour data from Green Your Air Backend Call.
2024-08-23 21:08:09,479 - INFO - [Initiate] Connect to hopsworks feature store.
2024-08-23 21:08:09,872 - INFO - [Success] Connect to hopsworks feature store.
2024-08-23 21:08:09,872 - INFO - [Initiate] Get hopsworks feature group - name: volos_breath_history_daily , version = 1
2024-08-23 21:08:10,069 - INFO - [Success] Get hopsworks feature group - name: volos_breath_history_daily , version = 1
2024-08-23 21:08:10,069 - INFO - [Initiate] Inserting data to feature group.
2024-08-23 21:08:15,090 - INFO - [Success] Inserting data to feature group.
2024-08-23 21:08:15,091 - INFO - [Initiate] Change the index in pickle file to value: 1986.
2024-08-23 21:08:15,091 - INFO - [Success] Index changed successfully to value: 1986.
2024-08-24 21:07:42,818 - INFO - [Initiate] Get the last index from pickle file.
2024-08-24 21:07:42,818 - INFO - [Success] Index retrieved successfully with value 1986.
2024-08-24 21:07:42,819 - INFO - [Initiate] Get last 24 hour data from Green Your Air Backend Call.
2024-08-24 21:07:43,572 - INFO - [Success] Get last 24 hour data from Green Your Air Backend Call.
2024-08-24 21:07:43,573 - INFO - [Initiate] Connect to hopsworks feature store.
2024-08-24 21:07:44,565 - INFO - [Success] Connect to hopsworks feature store.
2024-08-24 21:07:44,565 - INFO - [Initiate] Get hopsworks feature group - name: volos_breath_history_daily , version = 1
2024-08-24 21:07:44,809 - INFO - [Success] Get hopsworks feature group - name: volos_breath_history_daily , version = 1
2024-08-24 21:07:44,809 - INFO - [Initiate] Inserting data to feature group.
2024-08-24 21:07:51,434 - INFO - [Success] Inserting data to feature group.
2024-08-24 21:07:51,434 - INFO - [Initiate] Change the index in pickle file to value: 1987.
2024-08-24 21:07:51,434 - INFO - [Success] Index changed successfully to value: 1987.
2024-08-25 21:07:33,725 - INFO - [Initiate] Get the last index from pickle file.
2024-08-25 21:07:33,725 - INFO - [Success] Index retrieved successfully with value 1987.
2024-08-25 21:07:33,725 - INFO - [Initiate] Get last 24 hour data from Green Your Air Backend Call.
2024-08-25 21:07:34,274 - INFO - [Success] Get last 24 hour data from Green Your Air Backend Call.
2024-08-25 21:07:34,274 - INFO - [Initiate] Connect to hopsworks feature store.
2024-08-25 21:07:34,887 - INFO - [Success] Connect to hopsworks feature store.
2024-08-25 21:07:34,887 - INFO - [Initiate] Get hopsworks feature group - name: volos_breath_history_daily , version = 1
2024-08-25 21:07:35,061 - INFO - [Success] Get hopsworks feature group - name: volos_breath_history_daily , version = 1
2024-08-25 21:07:35,061 - INFO - [Initiate] Inserting data to feature group.
2024-08-25 21:07:40,210 - INFO - [Success] Inserting data to feature group.
2024-08-25 21:07:40,211 - INFO - [Initiate] Change the index in pickle file to value: 1988.
2024-08-25 21:07:40,212 - INFO - [Success] Index changed successfully to value: 1988.
2024-08-26 21:07:56,480 - INFO - [Initiate] Get the last index from pickle file.
2024-08-26 21:07:56,480 - INFO - [Success] Index retrieved successfully with value 1988.
2024-08-26 21:07:56,480 - INFO - [Initiate] Get last 24 hour data from Green Your Air Backend Call.
2024-08-26 21:07:57,009 - INFO - [Success] Get last 24 hour data from Green Your Air Backend Call.
2024-08-26 21:07:57,009 - INFO - [Initiate] Connect to hopsworks feature store.
2024-08-26 21:07:57,522 - INFO - [Success] Connect to hopsworks feature store.
2024-08-26 21:07:57,522 - INFO - [Initiate] Get hopsworks feature group - name: volos_breath_history_daily , version = 1
2024-08-26 21:07:57,708 - INFO - [Success] Get hopsworks feature group - name: volos_breath_history_daily , version = 1
2024-08-26 21:07:57,708 - INFO - [Initiate] Inserting data to feature group.
2024-08-26 21:08:02,714 - INFO - [Success] Inserting data to feature group.
2024-08-26 21:08:02,714 - INFO - [Initiate] Change the index in pickle file to value: 1989.
2024-08-26 21:08:02,714 - INFO - [Success] Index changed successfully to value: 1989.
