2024-04-10 11:27:26,228 - __main__ - INFO - [Initiate] Get 24 hour data.
2024-04-10 11:27:28,605 - __main__ - INFO - [Success] Get 24 hour data.
2024-04-10 11:48:40,112 - __main__ - INFO - [Initiate] Get last 24 hour data from Green Your Air Backend Call.
2024-04-10 11:48:40,785 - __main__ - INFO - [Success] Get last 24 hour data from Green Your Air Backend Call.
2024-04-10 11:48:40,785 - __main__ - INFO - [Initiate] Connect to hopsworks feature store.
2024-04-10 11:48:42,052 - __main__ - INFO - [Success] Connect to hopsworks feature store.
2024-04-10 12:11:07,307 - __main__ - INFO - [Initiate] Get last 24 hour data from Green Your Air Backend Call.
2024-04-10 12:11:10,371 - __main__ - INFO - [Success] Get last 24 hour data from Green Your Air Backend Call.
2024-04-10 12:11:10,371 - __main__ - INFO - [Initiate] Connect to hopsworks feature store.
2024-04-10 12:11:11,330 - __main__ - INFO - [Success] Connect to hopsworks feature store.
2024-04-12 08:15:56,485 - INFO - [Initiate] Get the last index from pickle file.
2024-04-12 08:15:56,485 - INFO - [Success] Index retrieved successfully with value 0.
2024-04-12 08:15:56,485 - INFO - [Initiate] Get last 24 hour data from Green Your Air Backend Call.
2024-04-12 08:15:59,904 - INFO - [Success] Get last 24 hour data from Green Your Air Backend Call.
2024-04-12 08:15:59,905 - INFO - [Initiate] Connect to hopsworks feature store.
2024-04-12 08:16:00,936 - INFO - [Success] Connect to hopsworks feature store.
2024-04-12 08:16:00,936 - INFO - [Initiate] Get hopsworks feature group - name: volos_breath_daily_tracker , version = 1
2024-04-12 08:16:01,136 - INFO - [Success] Get hopsworks feature group - name: volos_breath_daily_tracker , version = 1
2024-04-12 08:16:01,136 - INFO - [Initiate] Inserting data to feature group.
2024-04-12 08:16:06,510 - INFO - [Success] Inserting data to feature group.
2024-04-12 08:16:06,510 - INFO - [Initiate] Change the index in pickle file to value: 1.
2024-04-12 08:16:06,511 - INFO - [Success] Index changed successfully to value: 1.
2024-04-12 08:20:15,829 - INFO - [Initiate] Get the last index from pickle file.
2024-04-12 08:20:15,829 - INFO - [Success] Index retrieved successfully with value 1.
2024-04-12 08:20:15,829 - INFO - [Initiate] Get last 24 hour data from Green Your Air Backend Call.
2024-04-12 08:20:18,495 - INFO - [Success] Get last 24 hour data from Green Your Air Backend Call.
2024-04-12 08:20:18,495 - INFO - [Initiate] Connect to hopsworks feature store.
2024-04-12 08:20:19,072 - INFO - [Success] Connect to hopsworks feature store.
2024-04-12 08:20:19,072 - INFO - [Initiate] Get hopsworks feature group - name: volos_breath_daily_tracker , version = 1
2024-04-12 08:20:19,256 - INFO - [Success] Get hopsworks feature group - name: volos_breath_daily_tracker , version = 1
2024-04-12 08:20:19,256 - INFO - [Initiate] Inserting data to feature group.
2024-04-12 08:20:23,332 - INFO - [Success] Inserting data to feature group.
2024-04-12 08:20:23,333 - INFO - [Initiate] Change the index in pickle file to value: 2.
2024-04-12 08:20:23,333 - INFO - [Success] Index changed successfully to value: 2.
